<?xml version="1.0" encoding="UTF-8"?>
<Site BuildName="(empty)"
	BuildStamp="20260408-1105-Experimental"
	Name="(empty)"
	Generator="ctest-3.28.3"
	CompilerName=""
	CompilerVersion=""
	OSName="Linux"
	Hostname="thinkpad-carlux"
	OSRelease="6.17.0-1012-oem"
	OSVersion="#12-Ubuntu SMP PREEMPT_DYNAMIC Tue Feb 10 04:51:46 UTC 2026"
	OSPlatform="x86_64"
	Is64Bits="1"
	VendorString="GenuineIntel"
	VendorID="Intel Corporation"
	FamilyID="6"
	ModelID="189"
	ProcessorCacheSize="8192"
	NumberOfLogicalCPU="8"
	NumberOfPhysicalCPU="8"
	TotalVirtualMemory="8191"
	TotalPhysicalMemory="31611"
	LogicalProcessorsPerPhysical="1"
	ProcessorClockFrequency="2299.87"
	>
	<Testing>
		<StartDateTime>Apr 08 13:10 CEST</StartDateTime>
		<StartTestTime>1775646656</StartTestTime>
		<TestList/>
		<EndDateTime>Apr 08 13:10 CEST</EndDateTime>
		<EndTestTime>1775646656</EndTestTime>
		<ElapsedMinutes>0</ElapsedMinutes>
	</Testing>
</Site>
